# JRE version: Java(TM) SE Runtime Environment (17.0.10+11) (build 17.0.10+11-LTS-240)
# Java VM: Java HotSpot(TM) 64-Bit Server VM (17.0.10+11-LTS-240, mixed mode, sharing, tiered, compressed oops, compressed class ptrs, g1 gc, windows-amd64)
GC Precious Log:
 CPUs: 16 total, 16 available
 Memory: 6005M
 Large Page Support: Disabled
 NUMA Support: Disabled
 Compressed Oops: Enabled (32-bit)
 Heap Region Size: 1M
 Heap Min Capacity: 8M
 Heap Initial Capacity: 94M
 Heap Max Capacity: 1502M
 Pre-touch: Disabled
 Parallel Workers: 13
 Concurrent Workers: 3
 Concurrent Refinement Workers: 13
 Periodic GC: Disabled
Heap:
 garbage-first heap   total 99328K, used 53053K [0x00000000a2200000, 0x0000000100000000)
  region size 1024K, 25 young (25600K), 1 survivors (1024K)
 Metaspace       used 39460K, committed 39680K, reserved 1114112K
  class space    used 4862K, committed 4928K, reserved 1048576K
GC Heap History (16 events):
Event: 1.107 GC heap before
{Heap before GC invocations=0 (full 0):
 garbage-first heap   total 96256K, used 27648K [0x00000000a2200000, 0x0000000100000000)
  region size 1024K, 23 young (23552K), 0 survivors (0K)
 Metaspace       used 6470K, committed 6592K, reserved 1114112K
  class space    used 648K, committed 704K, reserved 1048576K
}
Event: 1.115 GC heap after
{Heap after GC invocations=1 (full 0):
 garbage-first heap   total 96256K, used 7168K [0x00000000a2200000, 0x0000000100000000)
  region size 1024K, 3 young (3072K), 3 survivors (3072K)
 Metaspace       used 6470K, committed 6592K, reserved 1114112K
  class space    used 648K, committed 704K, reserved 1048576K
}
Event: 2.468 GC heap before
{Heap before GC invocations=1 (full 0):
 garbage-first heap   total 96256K, used 40960K [0x00000000a2200000, 0x0000000100000000)
  region size 1024K, 36 young (36864K), 3 survivors (3072K)
 Metaspace       used 14179K, committed 14400K, reserved 1114112K
  class space    used 1589K, committed 1728K, reserved 1048576K
}
Event: 2.483 GC heap after
{Heap after GC invocations=2 (full 0):
 garbage-first heap   total 96256K, used 10507K [0x00000000a2200000, 0x0000000100000000)
  region size 1024K, 4 young (4096K), 4 survivors (4096K)
 Metaspace       used 14179K, committed 14400K, reserved 1114112K
  class space    used 1589K, committed 1728K, reserved 1048576K
}
Event: 3.507 GC heap before
{Heap before GC invocations=2 (full 0):
 garbage-first heap   total 96256K, used 39179K [0x00000000a2200000, 0x0000000100000000)
  region size 1024K, 29 young (29696K), 4 survivors (4096K)
 Metaspace       used 21268K, committed 21504K, reserved 1114112K
  class space    used 2672K, committed 2752K, reserved 1048576K
}
Event: 3.518 GC heap after
{Heap after GC invocations=3 (full 0):
 garbage-first heap   total 96256K, used 16649K [0x00000000a2200000, 0x0000000100000000)
  region size 1024K, 6 young (6144K), 6 survivors (6144K)
 Metaspace       used 21268K, committed 21504K, reserved 1114112K
  class space    used 2672K, committed 2752K, reserved 1048576K
}
Event: 6.882 GC heap before
{Heap before GC invocations=4 (full 0):
 garbage-first heap   total 61440K, used 49417K [0x00000000a2200000, 0x0000000100000000)
  region size 1024K, 36 young (36864K), 6 survivors (6144K)
 Metaspace       used 26090K, committed 26304K, reserved 1114112K
  class space    used 3484K, committed 3584K, reserved 1048576K
}
Event: 6.907 GC heap after
{Heap after GC invocations=5 (full 0):
 garbage-first heap   total 61440K, used 24043K [0x00000000a2200000, 0x0000000100000000)
  region size 1024K, 5 young (5120K), 5 survivors (5120K)
 Metaspace       used 26090K, committed 26304K, reserved 1114112K
  class space    used 3484K, committed 3584K, reserved 1048576K
}
Event: 6.948 GC heap before
{Heap before GC invocations=5 (full 0):
 garbage-first heap   total 61440K, used 25067K [0x00000000a2200000, 0x0000000100000000)
  region size 1024K, 6 young (6144K), 5 survivors (5120K)
 Metaspace       used 26385K, committed 26624K, reserved 1114112K
  class space    used 3526K, committed 3648K, reserved 1048576K
}
Event: 6.962 GC heap after
{Heap after GC invocations=6 (full 0):
 garbage-first heap   total 61440K, used 25065K [0x00000000a2200000, 0x0000000100000000)
  region size 1024K, 1 young (1024K), 1 survivors (1024K)
 Metaspace       used 26385K, committed 26624K, reserved 1114112K
  class space    used 3526K, committed 3648K, reserved 1048576K
}
Event: 8.059 GC heap before
{Heap before GC invocations=6 (full 0):
 garbage-first heap   total 61440K, used 45545K [0x00000000a2200000, 0x0000000100000000)
  region size 1024K, 22 young (22528K), 1 survivors (1024K)
 Metaspace       used 30230K, committed 30464K, reserved 1114112K
  class space    used 3911K, committed 4032K, reserved 1048576K
}
Event: 8.069 GC heap after
{Heap after GC invocations=7 (full 0):
 garbage-first heap   total 61440K, used 24966K [0x00000000a2200000, 0x0000000100000000)
  region size 1024K, 3 young (3072K), 3 survivors (3072K)
 Metaspace       used 30230K, committed 30464K, reserved 1114112K
  class space    used 3911K, committed 4032K, reserved 1048576K
}
Event: 8.807 GC heap before
{Heap before GC invocations=7 (full 0):
 garbage-first heap   total 61440K, used 45446K [0x00000000a2200000, 0x0000000100000000)
  region size 1024K, 23 young (23552K), 3 survivors (3072K)
 Metaspace       used 34611K, committed 34816K, reserved 1114112K
  class space    used 4316K, committed 4416K, reserved 1048576K
}
Event: 8.816 GC heap after
{Heap after GC invocations=8 (full 0):
 garbage-first heap   total 61440K, used 26934K [0x00000000a2200000, 0x0000000100000000)
  region size 1024K, 2 young (2048K), 2 survivors (2048K)
 Metaspace       used 34611K, committed 34816K, reserved 1114112K
  class space    used 4316K, committed 4416K, reserved 1048576K
}
Event: 8.976 GC heap before
{Heap before GC invocations=8 (full 0):
 garbage-first heap   total 61440K, used 28982K [0x00000000a2200000, 0x0000000100000000)
  region size 1024K, 5 young (5120K), 2 survivors (2048K)
 Metaspace       used 35752K, committed 35968K, reserved 1114112K
  class space    used 4419K, committed 4480K, reserved 1048576K
}
Event: 8.983 GC heap after
{Heap after GC invocations=9 (full 0):
 garbage-first heap   total 113664K, used 27453K [0x00000000a2200000, 0x0000000100000000)
  region size 1024K, 1 young (1024K), 1 survivors (1024K)
 Metaspace       used 35752K, committed 35968K, reserved 1114112K
  class space    used 4419K, committed 4480K, reserved 1048576K
}

